#
# A fatal error has been detected by the Java Runtime Environment:
#
#  SIGSEGV (0xb) at pc=0x00007f716bee13eb, pid=78851, tid=78989
#
# JRE version: OpenJDK Runtime Environment 19.9 (14.0+36) (build 14+36)
# Java VM: OpenJDK 64-Bit Server VM 19.9 (14+36, mixed mode, sharing, tiered, compressed oops, g1 gc, linux-amd64)
# Problematic frame:
# C  [libjimage.so+0x33eb]  ImageStrings::find(Endian*, char const*, int*, unsigned int)+0x6b
#
# Core dump will be written. Default location: Core dumps may be processed with "/usr/lib/systemd/systemd-coredump %P %u %g %s %t %c %h" (or dumping to /home/raph/Documents/nand2tetris/tools/core.78851)
#
# If you would like to submit a bug report, please visit:
#   https://bugreport.java.com/bugreport/crash.jsp
#

---------------  S U M M A R Y ------------

Command Line: HardwareSimulatorMain

Host: Intel(R) Celeron(R) CPU G3900 @ 2.80GHz, 2 cores, 3G, Fedora release 32 (Thirty Two)
Time: Thu May  7 23:54:37 2020 -01 elapsed time: 26394 seconds (0d 7h 19m 54s)

---------------  T H R E A D  ---------------

Current thread (0x00007f71640c2800):  JavaThread "Signal Dispatcher" daemon [_thread_in_vm, id=78989, stack(0x00007f712bdfe000,0x00007f712beff000)]

Stack: [0x00007f712bdfe000,0x00007f712beff000],  sp=0x00007f712befc0e0,  free space=1016k
Native frames: (J=compiled Java code, A=aot compiled Java code, j=interpreted, Vv=VM code, C=native code)
C  [libjimage.so+0x33eb]  ImageStrings::find(Endian*, char const*, int*, unsigned int)+0x6b
C  [libjimage.so+0x3f81]  ImageFileReader::find_location_index(char const*, unsigned long long*) const+0x51
C  [libjimage.so+0x4521]  JIMAGE_FindResource+0x111
V  [libjvm.so+0x54cdc5]